{
  "stats": {
    "suites": 21,
    "tests": 52,
    "passes": 52,
    "pending": 0,
    "failures": 0,
    "testsRegistered": 52,
    "passPercent": 100,
    "pendingPercent": 0,
    "other": 0,
    "hasOther": false,
    "skipped": 0,
    "hasSkipped": false,
    "start": "2025-09-16T17:19:41.790Z",
    "end": "2025-09-16T17:21:19.608Z",
    "duration": 97818
  },
  "results": [
    {
      "uuid": "5c06aa52-ed5e-4dd5-87d7-d1972fd3dd3a",
      "title": "",
      "fullFile": "cypress\\e2e\\automation-test-store\\contact-us.js",
      "file": "cypress\\e2e\\automation-test-store\\contact-us.js",
      "beforeHooks": [],
      "afterHooks": [],
      "tests": [],
      "suites": [
        {
          "uuid": "e419ecf5-55c0-400b-809a-76a95676f67a",
          "title": "Test for Contact Us form",
          "fullFile": "",
          "file": "",
          "beforeHooks": [],
          "afterHooks": [],
          "tests": [
            {
              "title": "should submit the contact form successfully",
              "fullTitle": "Test for Contact Us form should submit the contact form successfully",
              "timedOut": null,
              "duration": 3808,
              "state": "passed",
              "speed": "fast",
              "pass": true,
              "fail": false,
              "pending": false,
              "context": null,
              "code": "cy.visit('https://automationteststore.com/');\ncy.get(\"a[href$='contact']\").click().then(function (itemText) {\n  cy.log(\"Clicked on: \" + itemText.text());\n});\ncy.get(\"@user\").then(user => {\n  cy.get('#ContactUsFrm_first_name').type(user.first_name);\n  cy.get('#ContactUsFrm_email').type(user.email);\n});\ncy.log(\"populates the form\");\ncy.get('#ContactUsFrm_email').should('have.attr', 'name', 'email');\ncy.log(\"checks validation for email input\");\ncy.get('#ContactUsFrm_enquiry').type(\"Hmmm...\");\ncy.get(\"button[title='Submit']\").click();\ncy.get('.mb40 > p').should('have.text', 'Your enquiry has been successfully sent to the store owner!');\ncy.log(\"checks text message after submit\");\ncy.log(\"Test has completed!\");",
              "err": {},
              "uuid": "7687e178-6017-4191-97b7-d2cded2c41a5",
              "parentUUID": "e419ecf5-55c0-400b-809a-76a95676f67a",
              "isHook": false,
              "skipped": false
            }
          ],
          "suites": [],
          "passes": [
            "7687e178-6017-4191-97b7-d2cded2c41a5"
          ],
          "failures": [],
          "pending": [],
          "skipped": [],
          "duration": 3808,
          "root": false,
          "rootEmpty": false,
          "_timeout": 2000
        }
      ],
      "passes": [],
      "failures": [],
      "pending": [],
      "skipped": [],
      "duration": 0,
      "root": true,
      "rootEmpty": true,
      "_timeout": 2000
    },
    {
      "uuid": "f7bf11ed-65a3-4d3d-be97-cf203e43d77f",
      "title": "",
      "fullFile": "cypress\\e2e\\automation-test-store\\inspect-item.js",
      "file": "cypress\\e2e\\automation-test-store\\inspect-item.js",
      "beforeHooks": [],
      "afterHooks": [],
      "tests": [],
      "suites": [
        {
          "uuid": "4390c9a6-06ac-4353-a05f-36169970e825",
          "title": "Inspecting items with chain of commands",
          "fullFile": "",
          "file": "",
          "beforeHooks": [],
          "afterHooks": [],
          "tests": [
            {
              "title": "click on the first item using text",
              "fullTitle": "Inspecting items with chain of commands click on the first item using text",
              "timedOut": null,
              "duration": 2583,
              "state": "passed",
              "speed": "fast",
              "pass": true,
              "fail": false,
              "pending": false,
              "context": null,
              "code": "cy.get('.prdocutname').contains('Skinsheen Bronzer Stick').click().then(function (itemHeaderText) {\n  console.log(\"Item selected: \" + itemHeaderText.text());\n}); //added promise to log the item name after clicking on element",
              "err": {},
              "uuid": "ae1045b8-b031-443d-935f-bc2c0e619dab",
              "parentUUID": "4390c9a6-06ac-4353-a05f-36169970e825",
              "isHook": false,
              "skipped": false
            },
            {
              "title": "click on the first item using text",
              "fullTitle": "Inspecting items with chain of commands click on the first item using text",
              "timedOut": null,
              "duration": 1515,
              "state": "passed",
              "speed": "fast",
              "pass": true,
              "fail": false,
              "pending": false,
              "context": null,
              "code": "cy.get('.fixed_wrapper').find('.prdocutname').eq(0).click(); //clicks on elements based on class and order",
              "err": {},
              "uuid": "b02fcb97-b538-4f50-9909-a14371ed2f10",
              "parentUUID": "4390c9a6-06ac-4353-a05f-36169970e825",
              "isHook": false,
              "skipped": false
            }
          ],
          "suites": [],
          "passes": [
            "ae1045b8-b031-443d-935f-bc2c0e619dab",
            "b02fcb97-b538-4f50-9909-a14371ed2f10"
          ],
          "failures": [],
          "pending": [],
          "skipped": [],
          "duration": 4098,
          "root": false,
          "rootEmpty": false,
          "_timeout": 2000
        }
      ],
      "passes": [],
      "failures": [],
      "pending": [],
      "skipped": [],
      "duration": 0,
      "root": true,
      "rootEmpty": true,
      "_timeout": 2000
    },
    {
      "uuid": "9303db65-45ce-4ff0-8821-1aba2c4b381f",
      "title": "",
      "fullFile": "cypress\\e2e\\automation-test-store\\invoke-alias.js",
      "file": "cypress\\e2e\\automation-test-store\\invoke-alias.js",
      "beforeHooks": [],
      "afterHooks": [],
      "tests": [],
      "suites": [
        {
          "uuid": "26db14d2-3d43-4df4-8e55-17b713ae3ef2",
          "title": "Product title check",
          "fullFile": "",
          "file": "",
          "beforeHooks": [],
          "afterHooks": [],
          "tests": [
            {
              "title": "Chekcs length and accuracy of the title",
              "fullTitle": "Product title check Chekcs length and accuracy of the title",
              "timedOut": null,
              "duration": 2518,
              "state": "passed",
              "speed": "fast",
              "pass": true,
              "fail": false,
              "pending": false,
              "context": null,
              "code": "cy.get(\"a[href*='product/category&path=']\").contains(\"Hair Care\").click();\ncy.get('.fixed_wrapper .prdocutname').eq(1).invoke('text').as('productTitle');\ncy.get('@productTitle').its('length').should('be.gt', 30);\ncy.get('@productTitle').should('include', 'Eau Parfumee');",
              "err": {},
              "uuid": "b164a852-a919-4643-bf49-d7a145d608eb",
              "parentUUID": "26db14d2-3d43-4df4-8e55-17b713ae3ef2",
              "isHook": false,
              "skipped": false
            },
            {
              "title": "Checks number of products and title for cart",
              "fullTitle": "Product title check Checks number of products and title for cart",
              "timedOut": null,
              "duration": 1176,
              "state": "passed",
              "speed": "fast",
              "pass": true,
              "fail": false,
              "pending": false,
              "context": null,
              "code": "cy.get('.thumbnail').as('productThumbnail');\ncy.get('@productThumbnail').should('have.length', 16);\ncy.get('@productThumbnail').find('.productcart').invoke('attr', 'title').should('include', 'Add to Cart');",
              "err": {},
              "uuid": "f69a6a3c-78b6-4316-a833-d3576dc0ce36",
              "parentUUID": "26db14d2-3d43-4df4-8e55-17b713ae3ef2",
              "isHook": false,
              "skipped": false
            },
            {
              "title": "Logs all prices and calculates total amount",
              "fullTitle": "Product title check Logs all prices and calculates total amount",
              "timedOut": null,
              "duration": 1102,
              "state": "passed",
              "speed": "fast",
              "pass": true,
              "fail": false,
              "pending": false,
              "context": null,
              "code": "cy.get('.thumbnail').as('productThumbnail');\ncy.get('@productThumbnail').find('.oneprice').invoke('text').as('itemPrice'); //getting info through class and storing it into 'var' itemPrice\ncy.get('@productThumbnail').find('.pricenew').invoke('text').as('itemSalePrice');\nlet itemsTotal = 0;\ncy.get('@itemPrice').then($linkText => {\n  let itemPriceTotal = 0;\n  let itemPrice = $linkText.split('$'); //spliting text into array based on $ sign\n  for (let i = 0; i < itemPrice.length; i++) {\n    cy.log(itemPrice[i]);\n    itemPriceTotal += Number(itemPrice[i]); //converts text into number and adds to total amount\n  }\n  itemsTotal += itemPriceTotal;\n  cy.log('Total of regular prices: ' + itemPriceTotal);\n});\ncy.get('@itemSalePrice').then($linkText => {\n  let itemSalePriceTotal = 0;\n  let itemSalePrice = $linkText.split('$');\n  for (let i = 0; i < itemSalePrice.length; i++) {\n    cy.log(itemSalePrice[i]);\n    itemSalePriceTotal += Number(itemSalePrice[i]);\n  }\n  itemsTotal += itemSalePriceTotal;\n  cy.log('Total of sale items: ' + itemSalePriceTotal);\n}).then(() => {\n  cy.log('Total amount of all prices: ' + itemsTotal);\n  expect(itemsTotal).to.eq(673); //checks total amount\n});",
              "err": {},
              "uuid": "a80067c3-3487-4aa5-94be-0c79bbd77416",
              "parentUUID": "26db14d2-3d43-4df4-8e55-17b713ae3ef2",
              "isHook": false,
              "skipped": false
            }
          ],
          "suites": [],
          "passes": [
            "b164a852-a919-4643-bf49-d7a145d608eb",
            "f69a6a3c-78b6-4316-a833-d3576dc0ce36",
            "a80067c3-3487-4aa5-94be-0c79bbd77416"
          ],
          "failures": [],
          "pending": [],
          "skipped": [],
          "duration": 4796,
          "root": false,
          "rootEmpty": false,
          "_timeout": 2000
        }
      ],
      "passes": [],
      "failures": [],
      "pending": [],
      "skipped": [],
      "duration": 0,
      "root": true,
      "rootEmpty": true,
      "_timeout": 2000
    },
    {
      "uuid": "e842da4d-f43a-4049-9be6-9bbf1e07c079",
      "title": "",
      "fullFile": "cypress\\e2e\\automation-test-store\\iterating.js",
      "file": "cypress\\e2e\\automation-test-store\\iterating.js",
      "beforeHooks": [],
      "afterHooks": [],
      "tests": [],
      "suites": [
        {
          "uuid": "585be90f-653e-47c4-9f5f-b7ae86ebba35",
          "title": "Iterating over elements",
          "fullFile": "",
          "file": "",
          "beforeHooks": [],
          "afterHooks": [],
          "tests": [
            {
              "title": "Log information of hair care products",
              "fullTitle": "Iterating over elements Log information of hair care products",
              "timedOut": null,
              "duration": 3220,
              "state": "passed",
              "speed": "fast",
              "pass": true,
              "fail": false,
              "pending": false,
              "context": null,
              "code": "cy.get('.fixed_wrapper .prdocutname').each(($el, index, $list) => {\n  cy.log(\"Index: \" + index + \" : \" + $el.text());\n});",
              "err": {},
              "uuid": "785ce14f-ca12-44ab-930c-845f37b8f23e",
              "parentUUID": "585be90f-653e-47c4-9f5f-b7ae86ebba35",
              "isHook": false,
              "skipped": false
            },
            {
              "title": "Clicking on element based on text",
              "fullTitle": "Iterating over elements Clicking on element based on text",
              "timedOut": null,
              "duration": 2257,
              "state": "passed",
              "speed": "fast",
              "pass": true,
              "fail": false,
              "pending": false,
              "context": null,
              "code": "//     cy.get('.fixed_wrapper .prdocutname').each(($el, index, $list) => {\n//         if($el.text().includes(\"Curls to straight Shampoo\")) {\n//             cy.wrap($el).click()\n//         }\n//     })\ncy.selectProduct(\"Curls to straight Shampoo\");",
              "err": {},
              "uuid": "739dfa5c-1140-4a6c-b311-15b1ee5fcb6a",
              "parentUUID": "585be90f-653e-47c4-9f5f-b7ae86ebba35",
              "isHook": false,
              "skipped": false
            },
            {
              "title": "Clicking on anotther element based on text",
              "fullTitle": "Iterating over elements Clicking on anotther element based on text",
              "timedOut": null,
              "duration": 2162,
              "state": "passed",
              "speed": "fast",
              "pass": true,
              "fail": false,
              "pending": false,
              "context": null,
              "code": "cy.selectProduct(\"Pantene Pro-V Conditioner, Classic Care\");",
              "err": {},
              "uuid": "fb8a303b-dcfc-4a2d-8500-61f5b9088b87",
              "parentUUID": "585be90f-653e-47c4-9f5f-b7ae86ebba35",
              "isHook": false,
              "skipped": false
            }
          ],
          "suites": [],
          "passes": [
            "785ce14f-ca12-44ab-930c-845f37b8f23e",
            "739dfa5c-1140-4a6c-b311-15b1ee5fcb6a",
            "fb8a303b-dcfc-4a2d-8500-61f5b9088b87"
          ],
          "failures": [],
          "pending": [],
          "skipped": [],
          "duration": 7639,
          "root": false,
          "rootEmpty": false,
          "_timeout": 2000
        }
      ],
      "passes": [],
      "failures": [],
      "pending": [],
      "skipped": [],
      "duration": 0,
      "root": true,
      "rootEmpty": true,
      "_timeout": 2000
    },
    {
      "uuid": "c0c4e3ca-6b0d-414d-ab3c-997c69396eb1",
      "title": "",
      "fullFile": "cypress\\e2e\\automation-test-store\\variables-and-cy-commands.js",
      "file": "cypress\\e2e\\automation-test-store\\variables-and-cy-commands.js",
      "beforeHooks": [],
      "afterHooks": [],
      "tests": [],
      "suites": [
        {
          "uuid": "a3a1cf31-77dc-457b-a3d1-40cbf151927e",
          "title": "Verifying variables, cypress commands, jquery commands",
          "fullFile": "",
          "file": "",
          "beforeHooks": [],
          "afterHooks": [],
          "tests": [
            {
              "title": "Navigates to specific product pages",
              "fullTitle": "Verifying variables, cypress commands, jquery commands Navigates to specific product pages",
              "timedOut": null,
              "duration": 2635,
              "state": "passed",
              "speed": "fast",
              "pass": true,
              "fail": false,
              "pending": false,
              "context": null,
              "code": "cy.visit('https://automationteststore.com/');\nconst makeupLink = cy.get(\"a[href*='product/category&path=']\").contains(\"Makeup\").click();\ncy.get(\"h1 .maintext\").then($headerText => {\n  const headerText = $headerText.text();\n  cy.log(\"Header text: \" + headerText);\n  expect(headerText).is.eq('Makeup');\n});",
              "err": {},
              "uuid": "1f044ee2-ac1e-4ddd-9285-ea7601a02cb2",
              "parentUUID": "a3a1cf31-77dc-457b-a3d1-40cbf151927e",
              "isHook": false,
              "skipped": false
            },
            {
              "title": "Validate properties of the contact us page",
              "fullTitle": "Verifying variables, cypress commands, jquery commands Validate properties of the contact us page",
              "timedOut": null,
              "duration": 1136,
              "state": "passed",
              "speed": "fast",
              "pass": true,
              "fail": false,
              "pending": false,
              "context": null,
              "code": "cy.visit('https://automationteststore.com/index.php?rt=content/contact');\n//Chaining\ncy.contains('#ContactUsFrm', 'Contact Us Form').find('#field_11').should('contain', 'First name');\n//JQuery\n//First Name\ncy.contains('#ContactUsFrm', 'Contact Us Form').then($text => {\n  const firstNameText = $text.find('#field_11').text();\n  expect(firstNameText).to.contain('First name');\n});\n//Email\ncy.contains('#ContactUsFrm', 'Contact Us Form').then($text => {\n  const emailText = $text.find('#field_12').text();\n  expect(emailText).to.contain('Email');\n});\n//Enquiry\ncy.contains('#ContactUsFrm', 'Contact Us Form').then($text => {\n  const enquiryText = $text.find('#field_13').text();\n  expect(enquiryText).to.contain('Enquiry');\n});",
              "err": {},
              "uuid": "91d2839b-0459-4c86-876b-a8345f6362da",
              "parentUUID": "a3a1cf31-77dc-457b-a3d1-40cbf151927e",
              "isHook": false,
              "skipped": false
            }
          ],
          "suites": [],
          "passes": [
            "1f044ee2-ac1e-4ddd-9285-ea7601a02cb2",
            "91d2839b-0459-4c86-876b-a8345f6362da"
          ],
          "failures": [],
          "pending": [],
          "skipped": [],
          "duration": 3771,
          "root": false,
          "rootEmpty": false,
          "_timeout": 2000
        }
      ],
      "passes": [],
      "failures": [],
      "pending": [],
      "skipped": [],
      "duration": 0,
      "root": true,
      "rootEmpty": true,
      "_timeout": 2000
    },
    {
      "uuid": "6fdbd57b-5c69-4cb6-b294-23294013505f",
      "title": "",
      "fullFile": "cypress\\e2e\\other\\hooks.js",
      "file": "cypress\\e2e\\other\\hooks.js",
      "beforeHooks": [],
      "afterHooks": [],
      "tests": [],
      "suites": [
        {
          "uuid": "f1915a45-b56e-4bea-8284-a06c1965a40f",
          "title": "Hooks",
          "fullFile": "",
          "file": "",
          "beforeHooks": [],
          "afterHooks": [],
          "tests": [
            {
              "title": "Test example",
              "fullTitle": "Hooks Test example",
              "timedOut": null,
              "duration": 33,
              "state": "passed",
              "speed": "fast",
              "pass": true,
              "fail": false,
              "pending": false,
              "context": null,
              "code": "cy.log('Test example');",
              "err": {},
              "uuid": "eb341b0f-e845-493d-a96d-ea8767862fc7",
              "parentUUID": "f1915a45-b56e-4bea-8284-a06c1965a40f",
              "isHook": false,
              "skipped": false
            },
            {
              "title": "Test example, again",
              "fullTitle": "Hooks Test example, again",
              "timedOut": null,
              "duration": 7,
              "state": "passed",
              "speed": "fast",
              "pass": true,
              "fail": false,
              "pending": false,
              "context": null,
              "code": "cy.log('Test example, again');",
              "err": {},
              "uuid": "aa5a4def-afd7-420f-929d-d4f3a32818a0",
              "parentUUID": "f1915a45-b56e-4bea-8284-a06c1965a40f",
              "isHook": false,
              "skipped": false
            }
          ],
          "suites": [],
          "passes": [
            "eb341b0f-e845-493d-a96d-ea8767862fc7",
            "aa5a4def-afd7-420f-929d-d4f3a32818a0"
          ],
          "failures": [],
          "pending": [],
          "skipped": [],
          "duration": 40,
          "root": false,
          "rootEmpty": false,
          "_timeout": 2000
        }
      ],
      "passes": [],
      "failures": [],
      "pending": [],
      "skipped": [],
      "duration": 0,
      "root": true,
      "rootEmpty": true,
      "_timeout": 2000
    },
    {
      "uuid": "a1fe2e2b-f432-445d-aefd-ad532132617f",
      "title": "",
      "fullFile": "cypress\\e2e\\other\\same-origin-policy.js",
      "file": "cypress\\e2e\\other\\same-origin-policy.js",
      "beforeHooks": [],
      "afterHooks": [],
      "tests": [],
      "suites": [
        {
          "uuid": "c38b6efa-c615-4c29-96cb-ec8f68fd0fe7",
          "title": "Cypress web security",
          "fullFile": "",
          "file": "",
          "beforeHooks": [],
          "afterHooks": [],
          "tests": [
            {
              "title": "Visiting two different superdomains with user actions",
              "fullTitle": "Cypress web security Visiting two different superdomains with user actions",
              "timedOut": null,
              "duration": 3877,
              "state": "passed",
              "speed": "fast",
              "pass": true,
              "fail": false,
              "pending": false,
              "context": null,
              "code": "cy.visit('https://webdriveruniversity.com');\ncy.get('#automation-test-store').invoke('removeAttr', 'target').click();",
              "err": {},
              "uuid": "962391d3-201b-41d3-be3d-2faed1fe25ff",
              "parentUUID": "c38b6efa-c615-4c29-96cb-ec8f68fd0fe7",
              "isHook": false,
              "skipped": false
            }
          ],
          "suites": [],
          "passes": [
            "962391d3-201b-41d3-be3d-2faed1fe25ff"
          ],
          "failures": [],
          "pending": [],
          "skipped": [],
          "duration": 3877,
          "root": false,
          "rootEmpty": false,
          "_timeout": 2000
        }
      ],
      "passes": [],
      "failures": [],
      "pending": [],
      "skipped": [],
      "duration": 0,
      "root": true,
      "rootEmpty": true,
      "_timeout": 2000
    },
    {
      "uuid": "4adc30c6-a25e-4799-9afb-971064a7e423",
      "title": "",
      "fullFile": "cypress\\e2e\\webdriver-uni\\autocomplete.js",
      "file": "cypress\\e2e\\webdriver-uni\\autocomplete.js",
      "beforeHooks": [],
      "afterHooks": [],
      "tests": [],
      "suites": [
        {
          "uuid": "3edee4f7-ee35-4f35-9cef-e7dbb9729952",
          "title": "Verify autocomplete dropdown list",
          "fullFile": "",
          "file": "",
          "beforeHooks": [],
          "afterHooks": [],
          "tests": [
            {
              "title": "Select specific product with autocomplete",
              "fullTitle": "Verify autocomplete dropdown list Select specific product with autocomplete",
              "timedOut": null,
              "duration": 1738,
              "state": "passed",
              "speed": "fast",
              "pass": true,
              "fail": false,
              "pending": false,
              "context": null,
              "code": "cy.visit('/');\ncy.get('#autocomplete-textfield').invoke('removeAttr', 'target').click();\ncy.get('#myInput').type('A');\ncy.get('#myInputautocomplete-list > *').each(($el, index, $list) => {\n  const prod = $el.text();\n  const selectedProduct = 'Avacado';\n  if (prod === selectedProduct) {\n    cy.wrap($el).click();\n    cy.get('#submit-button').click();\n    cy.url().should('include', selectedProduct);\n  }\n}).then(() => {\n  cy.get('#myInput').type('G');\n  cy.get('#myInputautocomplete-list > *').each(($el, index, $list) => {\n    const prod = $el.text();\n    const selectedProduct = 'Grapes';\n    if (prod === selectedProduct) {\n      cy.wrap($el).click();\n      cy.get('#submit-button').click();\n      cy.url().should('include', selectedProduct);\n    }\n  });\n});",
              "err": {},
              "uuid": "a2abd1bf-ada6-4b03-b7a2-23602986b6b0",
              "parentUUID": "3edee4f7-ee35-4f35-9cef-e7dbb9729952",
              "isHook": false,
              "skipped": false
            }
          ],
          "suites": [],
          "passes": [
            "a2abd1bf-ada6-4b03-b7a2-23602986b6b0"
          ],
          "failures": [],
          "pending": [],
          "skipped": [],
          "duration": 1738,
          "root": false,
          "rootEmpty": false,
          "_timeout": 2000
        }
      ],
      "passes": [],
      "failures": [],
      "pending": [],
      "skipped": [],
      "duration": 0,
      "root": true,
      "rootEmpty": true,
      "_timeout": 2000
    },
    {
      "uuid": "42f918a7-2de3-42b3-850f-f7177af0cb62",
      "title": "",
      "fullFile": "cypress\\e2e\\webdriver-uni\\browser-navigation.js",
      "file": "cypress\\e2e\\webdriver-uni\\browser-navigation.js",
      "beforeHooks": [],
      "afterHooks": [],
      "tests": [],
      "suites": [
        {
          "uuid": "bcefeb0f-70fc-4173-983e-2afcb8987357",
          "title": "Validate homepage links",
          "fullFile": "",
          "file": "",
          "beforeHooks": [],
          "afterHooks": [],
          "tests": [
            {
              "title": "Confirm links redirect to correct pages",
              "fullTitle": "Validate homepage links Confirm links redirect to correct pages",
              "timedOut": null,
              "duration": 3232,
              "state": "passed",
              "speed": "fast",
              "pass": true,
              "fail": false,
              "pending": false,
              "context": null,
              "code": "cy.visit('/');\ncy.get('#contact-us').invoke('removeAttr', 'target').click();\ncy.url().should('include', 'contactus');\ncy.go('back');\ncy.reload();\ncy.url().should('include', 'webdriveruniversity.com');\ncy.go('forward');\ncy.url().should('include', 'contactus');\ncy.go('back');\ncy.get('#login-portal').invoke('removeAttr', 'target').click();\ncy.url().should('include', 'Login-Portal');\ncy.go('back');\ncy.get('#to-do-list').invoke('removeAttr', 'target').click();\ncy.url().should('include', 'To-Do');\ncy.go('back');",
              "err": {},
              "uuid": "239ee65d-8bbf-4ef2-863d-66d5ad254c53",
              "parentUUID": "bcefeb0f-70fc-4173-983e-2afcb8987357",
              "isHook": false,
              "skipped": false
            }
          ],
          "suites": [],
          "passes": [
            "239ee65d-8bbf-4ef2-863d-66d5ad254c53"
          ],
          "failures": [],
          "pending": [],
          "skipped": [],
          "duration": 3232,
          "root": false,
          "rootEmpty": false,
          "_timeout": 2000
        }
      ],
      "passes": [],
      "failures": [],
      "pending": [],
      "skipped": [],
      "duration": 0,
      "root": true,
      "rootEmpty": true,
      "_timeout": 2000
    },
    {
      "uuid": "4f1866f6-b4c0-41f4-8d26-c21b41fb44bb",
      "title": "",
      "fullFile": "cypress\\e2e\\webdriver-uni\\checkboxes.js",
      "file": "cypress\\e2e\\webdriver-uni\\checkboxes.js",
      "beforeHooks": [],
      "afterHooks": [],
      "tests": [],
      "suites": [
        {
          "uuid": "8757882e-1dae-41e6-93bc-c51be0a9d84f",
          "title": "Verifying checkboxes",
          "fullFile": "",
          "file": "",
          "beforeHooks": [],
          "afterHooks": [],
          "tests": [
            {
              "title": "Check box and validate",
              "fullTitle": "Verifying checkboxes Check box and validate",
              "timedOut": null,
              "duration": 563,
              "state": "passed",
              "speed": "fast",
              "pass": true,
              "fail": false,
              "pending": false,
              "context": null,
              "code": "cy.xpath(\"//input[@type='checkbox' and @value='option-1']\").as('option1');\ncy.get('@option1').check().should('be.checked'); //checks box and does assertion",
              "err": {},
              "uuid": "0cc134c8-8b75-4f2e-8359-e73673cdc593",
              "parentUUID": "8757882e-1dae-41e6-93bc-c51be0a9d84f",
              "isHook": false,
              "skipped": false
            },
            {
              "title": "Uncheck a box and validate",
              "fullTitle": "Verifying checkboxes Uncheck a box and validate",
              "timedOut": null,
              "duration": 193,
              "state": "passed",
              "speed": "fast",
              "pass": true,
              "fail": false,
              "pending": false,
              "context": null,
              "code": "cy.xpath(\"//input[@type='checkbox' and @value='option-3']\").as('option3');\ncy.get('@option3').uncheck().should('not.be.checked'); //unchecks box and does assertion",
              "err": {},
              "uuid": "514660ae-858b-478e-95cf-0896bc63be01",
              "parentUUID": "8757882e-1dae-41e6-93bc-c51be0a9d84f",
              "isHook": false,
              "skipped": false
            },
            {
              "title": "Check multible boxes and validate",
              "fullTitle": "Verifying checkboxes Check multible boxes and validate",
              "timedOut": null,
              "duration": 337,
              "state": "passed",
              "speed": "fast",
              "pass": true,
              "fail": false,
              "pending": false,
              "context": null,
              "code": "cy.get(\"input[type='checkbox']\").check([\"option-1\", \"option-2\", \"option-3\", \"option-4\"]).should('be.checked');",
              "err": {},
              "uuid": "1cf9e4b6-399e-404c-91ca-e08a3138cafa",
              "parentUUID": "8757882e-1dae-41e6-93bc-c51be0a9d84f",
              "isHook": false,
              "skipped": false
            }
          ],
          "suites": [],
          "passes": [
            "0cc134c8-8b75-4f2e-8359-e73673cdc593",
            "514660ae-858b-478e-95cf-0896bc63be01",
            "1cf9e4b6-399e-404c-91ca-e08a3138cafa"
          ],
          "failures": [],
          "pending": [],
          "skipped": [],
          "duration": 1093,
          "root": false,
          "rootEmpty": false,
          "_timeout": 2000
        }
      ],
      "passes": [],
      "failures": [],
      "pending": [],
      "skipped": [],
      "duration": 0,
      "root": true,
      "rootEmpty": true,
      "_timeout": 2000
    },
    {
      "uuid": "4034610a-cf01-4706-a7a1-c91b12846d21",
      "title": "",
      "fullFile": "cypress\\e2e\\webdriver-uni\\contact-us.js",
      "file": "cypress\\e2e\\webdriver-uni\\contact-us.js",
      "beforeHooks": [],
      "afterHooks": [],
      "tests": [],
      "suites": [
        {
          "uuid": "cc53ccdd-05f0-424c-b6bd-36a6e9391511",
          "title": "Test for Contact Us form",
          "fullFile": "",
          "file": "",
          "beforeHooks": [],
          "afterHooks": [],
          "tests": [
            {
              "title": "should submit the contact form successfully",
              "fullTitle": "Test for Contact Us form should submit the contact form successfully",
              "timedOut": null,
              "duration": 6347,
              "state": "passed",
              "speed": "medium",
              "pass": true,
              "fail": false,
              "pending": false,
              "context": null,
              "code": "cy.url().should('include', 'Contact-Us/contactus'); //url check\ncy.document().should('have.property', 'charset').and('eq', 'UTF-8'); //charset check\ncy.title().should('include', 'WebDriver');\ncontact_Us_PO.contactusForm_Submission(Cypress.env(\"first_name\"), data.last_name, data.email, \"Just do one thing or the other, don't try to be two people at once.\", 'h1', 'Thank You for your Message!');",
              "err": {},
              "uuid": "9ba31c78-af6a-498a-9a6a-7bd48195b62f",
              "parentUUID": "cc53ccdd-05f0-424c-b6bd-36a6e9391511",
              "isHook": false,
              "skipped": false
            },
            {
              "title": "should not be able to submit the contact form successfully",
              "fullTitle": "Test for Contact Us form should not be able to submit the contact form successfully",
              "timedOut": null,
              "duration": 5129,
              "state": "passed",
              "speed": "medium",
              "pass": true,
              "fail": false,
              "pending": false,
              "context": null,
              "code": "contact_Us_PO.contactusForm_Submission(data.first_name, data.last_name, \" \", \"Just do one thing or the other, don't try to be two people at once.\", 'body', 'Error: Invalid email address');",
              "err": {},
              "uuid": "d9e72fde-38f6-4b94-9a65-5e431edd929f",
              "parentUUID": "cc53ccdd-05f0-424c-b6bd-36a6e9391511",
              "isHook": false,
              "skipped": false
            }
          ],
          "suites": [],
          "passes": [
            "9ba31c78-af6a-498a-9a6a-7bd48195b62f",
            "d9e72fde-38f6-4b94-9a65-5e431edd929f"
          ],
          "failures": [],
          "pending": [],
          "skipped": [],
          "duration": 11476,
          "root": false,
          "rootEmpty": false,
          "_timeout": 2000
        }
      ],
      "passes": [],
      "failures": [],
      "pending": [],
      "skipped": [],
      "duration": 0,
      "root": true,
      "rootEmpty": true,
      "_timeout": 2000
    },
    {
      "uuid": "393d1245-069e-4d4a-a328-e50f794fd7c6",
      "title": "",
      "fullFile": "cypress\\e2e\\webdriver-uni\\data-tables.js",
      "file": "cypress\\e2e\\webdriver-uni\\data-tables.js",
      "beforeHooks": [],
      "afterHooks": [],
      "tests": [],
      "suites": [
        {
          "uuid": "e8f2b64e-c859-4b52-aba1-422e4cac1d07",
          "title": "Handling data",
          "fullFile": "",
          "file": "",
          "beforeHooks": [],
          "afterHooks": [],
          "tests": [
            {
              "title": "Assert the age of the user based on the name",
              "fullTitle": "Handling data Assert the age of the user based on the name",
              "timedOut": null,
              "duration": 951,
              "state": "passed",
              "speed": "fast",
              "pass": true,
              "fail": false,
              "pending": false,
              "context": null,
              "code": "cy.get(\"#thumbnail-1 tr td:nth-child(2)\").each(($el, index, $list) => {\n  //n-th(2) child of td are last names\n  const text = $el.text(); //extracting text from last names\n  if (text.includes('Woods')) {\n    cy.get(\"#thumbnail-1 tr td:nth-child(2)\").eq(index).next() //using next for age column\n    .then(function (age) {\n      const userAge = age.text(); //storing age text in const\n      expect(userAge).to.equal(\"80\");\n    });\n  }\n});",
              "err": {},
              "uuid": "f5f1d050-8b66-4201-b932-caea4e5cfcbb",
              "parentUUID": "e8f2b64e-c859-4b52-aba1-422e4cac1d07",
              "isHook": false,
              "skipped": false
            }
          ],
          "suites": [],
          "passes": [
            "f5f1d050-8b66-4201-b932-caea4e5cfcbb"
          ],
          "failures": [],
          "pending": [],
          "skipped": [],
          "duration": 951,
          "root": false,
          "rootEmpty": false,
          "_timeout": 2000
        }
      ],
      "passes": [],
      "failures": [],
      "pending": [],
      "skipped": [],
      "duration": 0,
      "root": true,
      "rootEmpty": true,
      "_timeout": 2000
    },
    {
      "uuid": "914ccec6-93c6-4ae5-855e-dafeed315bd5",
      "title": "",
      "fullFile": "cypress\\e2e\\webdriver-uni\\datepicker.js",
      "file": "cypress\\e2e\\webdriver-uni\\datepicker.js",
      "beforeHooks": [],
      "afterHooks": [],
      "tests": [],
      "suites": [
        {
          "uuid": "c07ebaa0-dfb3-466b-b940-f2a54227c929",
          "title": "Test datepicker",
          "fullFile": "",
          "file": "",
          "beforeHooks": [],
          "afterHooks": [],
          "tests": [
            {
              "title": "Select date from the datepicker",
              "fullTitle": "Test datepicker Select date from the datepicker",
              "timedOut": null,
              "duration": 1287,
              "state": "passed",
              "speed": "fast",
              "pass": true,
              "fail": false,
              "pending": false,
              "context": null,
              "code": "cy.visit('/');\ncy.get('#datepicker').invoke('removeAttr', 'target').click();\ncy.get('#datepicker').click();\nlet date = new Date();\ndate.setDate(date.getDate() + 30); //sets date depending on x(=30)\nlet futureYear = date.getFullYear();\nlet futureMonth = date.toLocaleString(\"default\", {\n  month: \"long\"\n}); //get month in correct format\nlet futureDay = date.getDate();\nconst selectMonthYear = () => {\n  cy.get('.datepicker-dropdown').find('.datepicker-switch').first().then(currentDate => {\n    if (!currentDate.text().includes(futureYear)) {\n      cy.get('.next').first().click(); //clicks next until year is different from current date\n      selectMonthYear();\n    }\n  }).then(() => {\n    cy.get('.datepicker-dropdown').find('.datepicker-switch').first().then(currentDate => {\n      if (!currentDate.text().includes(futureMonth)) {\n        cy.get('.next').first().click(); //clicks next until month is different from current date\n        selectMonthYear();\n      }\n    });\n  });\n};\nconst selectFutureDay = () => {\n  cy.get('[class = \"day\"]').contains(futureDay).click();\n};\nselectMonthYear();\nselectFutureDay();",
              "err": {},
              "uuid": "6c1749e6-6cc1-4ca5-b282-329b0a57427e",
              "parentUUID": "c07ebaa0-dfb3-466b-b940-f2a54227c929",
              "isHook": false,
              "skipped": false
            }
          ],
          "suites": [],
          "passes": [
            "6c1749e6-6cc1-4ca5-b282-329b0a57427e"
          ],
          "failures": [],
          "pending": [],
          "skipped": [],
          "duration": 1287,
          "root": false,
          "rootEmpty": false,
          "_timeout": 2000
        }
      ],
      "passes": [],
      "failures": [],
      "pending": [],
      "skipped": [],
      "duration": 0,
      "root": true,
      "rootEmpty": true,
      "_timeout": 2000
    },
    {
      "uuid": "2261ca27-7418-41e5-8294-2b072493fbb8",
      "title": "",
      "fullFile": "cypress\\e2e\\webdriver-uni\\file-upload.js",
      "file": "cypress\\e2e\\webdriver-uni\\file-upload.js",
      "beforeHooks": [],
      "afterHooks": [],
      "tests": [],
      "suites": [
        {
          "uuid": "9638e3a3-2628-4e97-a712-b8a7ff45ca07",
          "title": "Test file upload",
          "fullFile": "",
          "file": "",
          "beforeHooks": [],
          "afterHooks": [],
          "tests": [
            {
              "title": "Upload",
              "fullTitle": "Test file upload Upload",
              "timedOut": null,
              "duration": 1022,
              "state": "passed",
              "speed": "fast",
              "pass": true,
              "fail": false,
              "pending": false,
              "context": null,
              "code": "cy.get('#myFile').selectFile(\"cypress/fixtures/hollow.png\");\ncy.get('#submit-button').click();\ncy.on('window:alert', str => {\n  expect(str).to.eq('Your file has now been uploaded!'); //assertion for alert text\n});",
              "err": {},
              "uuid": "8a7d47f3-1e2d-4db9-9ab8-c45bfccc37b8",
              "parentUUID": "9638e3a3-2628-4e97-a712-b8a7ff45ca07",
              "isHook": false,
              "skipped": false
            },
            {
              "title": "No upload",
              "fullTitle": "Test file upload No upload",
              "timedOut": null,
              "duration": 300,
              "state": "passed",
              "speed": "fast",
              "pass": true,
              "fail": false,
              "pending": false,
              "context": null,
              "code": "cy.get('#submit-button').click();\ncy.on('window:alert', str => {\n  expect(str).to.eq('You need to select a file to upload!'); //assertion for alert text\n});",
              "err": {},
              "uuid": "81b5552f-1b17-44cf-997a-b943dd30e085",
              "parentUUID": "9638e3a3-2628-4e97-a712-b8a7ff45ca07",
              "isHook": false,
              "skipped": false
            }
          ],
          "suites": [],
          "passes": [
            "8a7d47f3-1e2d-4db9-9ab8-c45bfccc37b8",
            "81b5552f-1b17-44cf-997a-b943dd30e085"
          ],
          "failures": [],
          "pending": [],
          "skipped": [],
          "duration": 1322,
          "root": false,
          "rootEmpty": false,
          "_timeout": 2000
        }
      ],
      "passes": [],
      "failures": [],
      "pending": [],
      "skipped": [],
      "duration": 0,
      "root": true,
      "rootEmpty": true,
      "_timeout": 2000
    },
    {
      "uuid": "a4ebd9f5-c14b-4d3c-82a5-0bf389a06b98",
      "title": "",
      "fullFile": "cypress\\e2e\\webdriver-uni\\iframe.js",
      "file": "cypress\\e2e\\webdriver-uni\\iframe.js",
      "beforeHooks": [],
      "afterHooks": [],
      "tests": [],
      "suites": [
        {
          "uuid": "c2f69fae-1fc2-4470-b01d-9011f3a18b09",
          "title": "Handling iFrame and Modals",
          "fullFile": "",
          "file": "",
          "beforeHooks": [],
          "afterHooks": [],
          "tests": [
            {
              "title": "iFrame and Modals",
              "fullTitle": "Handling iFrame and Modals iFrame and Modals",
              "timedOut": null,
              "duration": 1399,
              "state": "passed",
              "speed": "fast",
              "pass": true,
              "fail": false,
              "pending": false,
              "context": null,
              "code": "cy.visit('/');\ncy.get('#iframe').invoke('removeAttr', 'target').click();\ncy.get('#frame').then($iframe => {\n  const body = $iframe.contents().find('body');\n  cy.wrap(body).as('iframe'); //wrapping iFrame body to use cypress commands\n});\ncy.get('@iframe').find('#button-find-out-more').click();\ncy.get('@iframe').find('#myModal').as('modal'); //modal text and buttons\ncy.get('@modal').should($expectedText => {\n  const text = $expectedText.text();\n  expect(text).to.include('Welcome to webdriveruniversity.com');\n});\ncy.get('@modal').contains('Close').click();",
              "err": {},
              "uuid": "1954b24a-d542-41c4-9c2f-4e3dda0e99f9",
              "parentUUID": "c2f69fae-1fc2-4470-b01d-9011f3a18b09",
              "isHook": false,
              "skipped": false
            }
          ],
          "suites": [],
          "passes": [
            "1954b24a-d542-41c4-9c2f-4e3dda0e99f9"
          ],
          "failures": [],
          "pending": [],
          "skipped": [],
          "duration": 1399,
          "root": false,
          "rootEmpty": false,
          "_timeout": 2000
        }
      ],
      "passes": [],
      "failures": [],
      "pending": [],
      "skipped": [],
      "duration": 0,
      "root": true,
      "rootEmpty": true,
      "_timeout": 2000
    },
    {
      "uuid": "2f17287f-9ed7-49ad-aebc-5fe2d43409e3",
      "title": "",
      "fullFile": "cypress\\e2e\\webdriver-uni\\js-alerts.js",
      "file": "cypress\\e2e\\webdriver-uni\\js-alerts.js",
      "beforeHooks": [],
      "afterHooks": [],
      "tests": [],
      "suites": [
        {
          "uuid": "8f74fe18-649f-45c8-9e03-85846b05d097",
          "title": "Handle js alerts",
          "fullFile": "",
          "file": "",
          "beforeHooks": [],
          "afterHooks": [],
          "tests": [
            {
              "title": "Confirm text in alerts",
              "fullTitle": "Handle js alerts Confirm text in alerts",
              "timedOut": null,
              "duration": 1006,
              "state": "passed",
              "speed": "fast",
              "pass": true,
              "fail": false,
              "pending": false,
              "context": null,
              "code": "cy.get('#button1').click();\ncy.on('window:alert', str => {\n  expect(str).to.eq('I am an alert box!');\n});",
              "err": {},
              "uuid": "0315684a-ba4f-4a3d-b3bb-c2c52ae73d8c",
              "parentUUID": "8f74fe18-649f-45c8-9e03-85846b05d097",
              "isHook": false,
              "skipped": false
            },
            {
              "title": "Validate alert box works correctly",
              "fullTitle": "Handle js alerts Validate alert box works correctly",
              "timedOut": null,
              "duration": 299,
              "state": "passed",
              "speed": "fast",
              "pass": true,
              "fail": false,
              "pending": false,
              "context": null,
              "code": "cy.get('#button4').click();\ncy.on('window:confirm', str => {\n  return true; //false for cancel\n});\ncy.get('#confirm-alert-text').contains('You pressed OK!');",
              "err": {},
              "uuid": "d8fbcb4c-ddcb-42ff-99e7-31e575fb06cb",
              "parentUUID": "8f74fe18-649f-45c8-9e03-85846b05d097",
              "isHook": false,
              "skipped": false
            },
            {
              "title": "Validate alert box works correctly using stub",
              "fullTitle": "Handle js alerts Validate alert box works correctly using stub",
              "timedOut": null,
              "duration": 297,
              "state": "passed",
              "speed": "fast",
              "pass": true,
              "fail": false,
              "pending": false,
              "context": null,
              "code": "const stub = cy.stub();\ncy.on('window:confirm', stub);\ncy.get('#button4').click().then(() => {\n  expect(stub.getCall(0)).to.be.calledWith('Press a button!');\n}).then(() => {\n  return true;\n}).then(() => {\n  cy.get('#confirm-alert-text').contains('You pressed OK!');\n});",
              "err": {},
              "uuid": "54c1ebac-93c8-46cc-9eaa-24124b63703f",
              "parentUUID": "8f74fe18-649f-45c8-9e03-85846b05d097",
              "isHook": false,
              "skipped": false
            }
          ],
          "suites": [],
          "passes": [
            "0315684a-ba4f-4a3d-b3bb-c2c52ae73d8c",
            "d8fbcb4c-ddcb-42ff-99e7-31e575fb06cb",
            "54c1ebac-93c8-46cc-9eaa-24124b63703f"
          ],
          "failures": [],
          "pending": [],
          "skipped": [],
          "duration": 1602,
          "root": false,
          "rootEmpty": false,
          "_timeout": 2000
        }
      ],
      "passes": [],
      "failures": [],
      "pending": [],
      "skipped": [],
      "duration": 0,
      "root": true,
      "rootEmpty": true,
      "_timeout": 2000
    },
    {
      "uuid": "33d4d813-840e-437f-b15a-851288fd2842",
      "title": "",
      "fullFile": "cypress\\e2e\\webdriver-uni\\mouse-actions.js",
      "file": "cypress\\e2e\\webdriver-uni\\mouse-actions.js",
      "beforeHooks": [],
      "afterHooks": [],
      "tests": [],
      "suites": [
        {
          "uuid": "edd4484b-f47b-4165-af73-5e11f65850ba",
          "title": "Test mouse actions",
          "fullFile": "",
          "file": "",
          "beforeHooks": [],
          "afterHooks": [],
          "tests": [
            {
              "title": "Drag and drop",
              "fullTitle": "Test mouse actions Drag and drop",
              "timedOut": null,
              "duration": 1493,
              "state": "passed",
              "speed": "fast",
              "pass": true,
              "fail": false,
              "pending": false,
              "context": null,
              "code": "cy.get('#draggable').trigger('mousedown', {\n  which: 1\n});\ncy.get('#droppable').trigger('mousemove').trigger('mouseup', {\n  force: true\n});",
              "err": {},
              "uuid": "95e43ffd-da16-49f1-8179-a0479d620ce4",
              "parentUUID": "edd4484b-f47b-4165-af73-5e11f65850ba",
              "isHook": false,
              "skipped": false
            },
            {
              "title": "Double click",
              "fullTitle": "Test mouse actions Double click",
              "timedOut": null,
              "duration": 352,
              "state": "passed",
              "speed": "fast",
              "pass": true,
              "fail": false,
              "pending": false,
              "context": null,
              "code": "cy.get('#double-click').dblclick();",
              "err": {},
              "uuid": "38966ffa-3769-41c2-a062-123dcbfaad38",
              "parentUUID": "edd4484b-f47b-4165-af73-5e11f65850ba",
              "isHook": false,
              "skipped": false
            },
            {
              "title": "Hold left mouse click on element",
              "fullTitle": "Test mouse actions Hold left mouse click on element",
              "timedOut": null,
              "duration": 284,
              "state": "passed",
              "speed": "fast",
              "pass": true,
              "fail": false,
              "pending": false,
              "context": null,
              "code": "cy.get('#click-box').trigger('mousedown', {\n  which: 1\n}).then($el => {\n  expect($el).to.have.css('background-color', 'rgb(0, 255, 0)');\n});",
              "err": {},
              "uuid": "2ff28205-38f4-49f5-9463-3bd2be27a3c9",
              "parentUUID": "edd4484b-f47b-4165-af73-5e11f65850ba",
              "isHook": false,
              "skipped": false
            }
          ],
          "suites": [],
          "passes": [
            "95e43ffd-da16-49f1-8179-a0479d620ce4",
            "38966ffa-3769-41c2-a062-123dcbfaad38",
            "2ff28205-38f4-49f5-9463-3bd2be27a3c9"
          ],
          "failures": [],
          "pending": [],
          "skipped": [],
          "duration": 2129,
          "root": false,
          "rootEmpty": false,
          "_timeout": 2000
        }
      ],
      "passes": [],
      "failures": [],
      "pending": [],
      "skipped": [],
      "duration": 0,
      "root": true,
      "rootEmpty": true,
      "_timeout": 2000
    },
    {
      "uuid": "4db75b27-e4ac-4b2d-b5d2-bf90f1908a63",
      "title": "",
      "fullFile": "cypress\\e2e\\webdriver-uni\\radio-buttons.js",
      "file": "cypress\\e2e\\webdriver-uni\\radio-buttons.js",
      "beforeHooks": [],
      "afterHooks": [],
      "tests": [],
      "suites": [
        {
          "uuid": "00995032-f117-45a6-b638-41e108abd0a6",
          "title": "Verifying radio-buttons",
          "fullFile": "",
          "file": "",
          "beforeHooks": [],
          "afterHooks": [],
          "tests": [
            {
              "title": "Check specific radio buttons and validate",
              "fullTitle": "Verifying radio-buttons Check specific radio buttons and validate",
              "timedOut": null,
              "duration": 982,
              "state": "passed",
              "speed": "fast",
              "pass": true,
              "fail": false,
              "pending": false,
              "context": null,
              "code": "cy.get('#radio-buttons').find(\"[type='radio']\").first().click();",
              "err": {},
              "uuid": "7ea722e7-643b-4352-b94f-b065e345e92d",
              "parentUUID": "00995032-f117-45a6-b638-41e108abd0a6",
              "isHook": false,
              "skipped": false
            },
            {
              "title": "Validate state of specific radio buttons",
              "fullTitle": "Verifying radio-buttons Validate state of specific radio buttons",
              "timedOut": null,
              "duration": 609,
              "state": "passed",
              "speed": "fast",
              "pass": true,
              "fail": false,
              "pending": false,
              "context": null,
              "code": "cy.get(\"[value='lettuce']\").should('not.be.checked');\ncy.get(\"[value='pumpkin']\").should('be.checked');\ncy.get(\"[value='lettuce']\").check().should('be.checked');\ncy.get(\"[value='pumpkin']\").should('not.be.checked');\ncy.get(\"[value='cabbage']\").should('be.disabled');",
              "err": {},
              "uuid": "c2b58b62-1b68-4c10-b659-fdea17f032f1",
              "parentUUID": "00995032-f117-45a6-b638-41e108abd0a6",
              "isHook": false,
              "skipped": false
            }
          ],
          "suites": [],
          "passes": [
            "7ea722e7-643b-4352-b94f-b065e345e92d",
            "c2b58b62-1b68-4c10-b659-fdea17f032f1"
          ],
          "failures": [],
          "pending": [],
          "skipped": [],
          "duration": 1591,
          "root": false,
          "rootEmpty": false,
          "_timeout": 2000
        }
      ],
      "passes": [],
      "failures": [],
      "pending": [],
      "skipped": [],
      "duration": 0,
      "root": true,
      "rootEmpty": true,
      "_timeout": 2000
    },
    {
      "uuid": "26742c94-596d-4c43-b40e-206328d82f13",
      "title": "",
      "fullFile": "cypress\\e2e\\webdriver-uni\\select-dropdown-list.js",
      "file": "cypress\\e2e\\webdriver-uni\\select-dropdown-list.js",
      "beforeHooks": [],
      "afterHooks": [],
      "tests": [],
      "suites": [
        {
          "uuid": "5fcc11ec-384a-461f-a3c1-f61e397c7fc6",
          "title": "Interact with dropdown list",
          "fullFile": "",
          "file": "",
          "beforeHooks": [],
          "afterHooks": [],
          "tests": [
            {
              "title": "Select specific values",
              "fullTitle": "Interact with dropdown list Select specific values",
              "timedOut": null,
              "duration": 1440,
              "state": "passed",
              "speed": "fast",
              "pass": true,
              "fail": false,
              "pending": false,
              "context": null,
              "code": "cy.visit('/');\ncy.get('#dropdown-checkboxes-radiobuttons').invoke('removeAttr', 'target').click();\ncy.get('#dropdowm-menu-1').select('c#');\ncy.get('#dropdowm-menu-2').select('maven').should('have.value', 'maven');\ncy.get('#dropdowm-menu-2').select('TestNG').contains('TestNG');\ncy.get('#dropdowm-menu-3').select('JavaScript');",
              "err": {},
              "uuid": "d8a5be35-1d6a-44ad-94d9-30264bb9590b",
              "parentUUID": "5fcc11ec-384a-461f-a3c1-f61e397c7fc6",
              "isHook": false,
              "skipped": false
            }
          ],
          "suites": [],
          "passes": [
            "d8a5be35-1d6a-44ad-94d9-30264bb9590b"
          ],
          "failures": [],
          "pending": [],
          "skipped": [],
          "duration": 1440,
          "root": false,
          "rootEmpty": false,
          "_timeout": 2000
        }
      ],
      "passes": [],
      "failures": [],
      "pending": [],
      "skipped": [],
      "duration": 0,
      "root": true,
      "rootEmpty": true,
      "_timeout": 2000
    },
    {
      "uuid": "daa24e82-076a-48e4-8cf9-3e03f309d22f",
      "title": "",
      "fullFile": "cypress\\e2e\\webdriver-uni\\traversing-elements.js",
      "file": "cypress\\e2e\\webdriver-uni\\traversing-elements.js",
      "beforeHooks": [],
      "afterHooks": [],
      "tests": [],
      "suites": [
        {
          "uuid": "61a93626-4e70-4e52-a7f5-3d3ef73c8b44",
          "title": "Traversing DOM elements in Cypress",
          "fullFile": "",
          "file": "",
          "beforeHooks": [],
          "afterHooks": [],
          "tests": [
            {
              "title": "children() to get the children of DOM elements",
              "fullTitle": "Traversing DOM elements in Cypress children() to get the children of DOM elements",
              "timedOut": null,
              "duration": 846,
              "state": "passed",
              "speed": "fast",
              "pass": true,
              "fail": false,
              "pending": false,
              "context": null,
              "code": "cy.get('.traversal-breadcrumb').scrollIntoView().children('.active').should('contain', 'Contact Us'); //checking closest child element using children()",
              "err": {},
              "uuid": "e7a8bb6c-e0a8-4846-a7da-5eaa3cd6fe55",
              "parentUUID": "61a93626-4e70-4e52-a7f5-3d3ef73c8b44",
              "isHook": false,
              "skipped": false
            },
            {
              "title": "closest() to validate the closest ancestor DOM element",
              "fullTitle": "Traversing DOM elements in Cypress closest() to validate the closest ancestor DOM element",
              "timedOut": null,
              "duration": 241,
              "state": "passed",
              "speed": "fast",
              "pass": true,
              "fail": false,
              "pending": false,
              "context": null,
              "code": "cy.get('.traversal-badge').scrollIntoView().closest('ul').should('have.class', 'list-group'); //checking closest ancestor element using closest()",
              "err": {},
              "uuid": "4c312ba3-0da3-4a82-97ad-5d1864cc8142",
              "parentUUID": "61a93626-4e70-4e52-a7f5-3d3ef73c8b44",
              "isHook": false,
              "skipped": false
            },
            {
              "title": "eq() to retrieve a specific element based on index",
              "fullTitle": "Traversing DOM elements in Cypress eq() to retrieve a specific element based on index",
              "timedOut": null,
              "duration": 229,
              "state": "passed",
              "speed": "fast",
              "pass": true,
              "fail": false,
              "pending": false,
              "context": null,
              "code": "cy.get('.traversal-drinks-list > *').eq(2).should('contain', 'Milk'); //checking text for 3rd element using eq()",
              "err": {},
              "uuid": "f7a52882-b1d0-4026-aa52-3b87c44e8151",
              "parentUUID": "61a93626-4e70-4e52-a7f5-3d3ef73c8b44",
              "isHook": false,
              "skipped": false
            },
            {
              "title": "filter() to retrieve DOM elements that match a specific selector",
              "fullTitle": "Traversing DOM elements in Cypress filter() to retrieve DOM elements that match a specific selector",
              "timedOut": null,
              "duration": 225,
              "state": "passed",
              "speed": "fast",
              "pass": true,
              "fail": false,
              "pending": false,
              "context": null,
              "code": "cy.get('.btn-group-toggle > *').filter('.active').should('contain', 'Button-1'); //filters active button, checks text",
              "err": {},
              "uuid": "1739192e-6b72-4ac1-948c-853625859e0d",
              "parentUUID": "61a93626-4e70-4e52-a7f5-3d3ef73c8b44",
              "isHook": false,
              "skipped": false
            },
            {
              "title": "find() to retrieve DOM elements of a given selector",
              "fullTitle": "Traversing DOM elements in Cypress find() to retrieve DOM elements of a given selector",
              "timedOut": null,
              "duration": 210,
              "state": "passed",
              "speed": "fast",
              "pass": true,
              "fail": false,
              "pending": false,
              "context": null,
              "code": "cy.get('.traversal-pagination').scrollIntoView().find('li').find('a').should('have.length', 7); //ensuring there are 7 link elements using find()",
              "err": {},
              "uuid": "c1c9aac0-6ee7-48bb-beb4-f7fa7c8ab606",
              "parentUUID": "61a93626-4e70-4e52-a7f5-3d3ef73c8b44",
              "isHook": false,
              "skipped": false
            },
            {
              "title": "first() to retrieve the first DOM element within elements ",
              "fullTitle": "Traversing DOM elements in Cypress first() to retrieve the first DOM element within elements ",
              "timedOut": null,
              "duration": 207,
              "state": "passed",
              "speed": "fast",
              "pass": true,
              "fail": false,
              "pending": false,
              "context": null,
              "code": "cy.get('.traversal-table > tbody > tr > td').first().should('contain', 'Andy'); //verifying first name in the table using first()",
              "err": {},
              "uuid": "ae530244-56d8-4229-8404-fc54565b6f42",
              "parentUUID": "61a93626-4e70-4e52-a7f5-3d3ef73c8b44",
              "isHook": false,
              "skipped": false
            },
            {
              "title": "last() to retrieve the last DOM element within elements",
              "fullTitle": "Traversing DOM elements in Cypress last() to retrieve the last DOM element within elements",
              "timedOut": null,
              "duration": 212,
              "state": "passed",
              "speed": "fast",
              "pass": true,
              "fail": false,
              "pending": false,
              "context": null,
              "code": "cy.get('.traversal-table > tbody > tr > td').last().should('contain', 'Scott'); //verifying last name in the table using last()",
              "err": {},
              "uuid": "531e578d-56d6-4fa5-935a-61335e936669",
              "parentUUID": "61a93626-4e70-4e52-a7f5-3d3ef73c8b44",
              "isHook": false,
              "skipped": false
            },
            {
              "title": "nextAll() to get all of the next sibling DOM elements within elements",
              "fullTitle": "Traversing DOM elements in Cypress nextAll() to get all of the next sibling DOM elements within elements",
              "timedOut": null,
              "duration": 214,
              "state": "passed",
              "speed": "fast",
              "pass": true,
              "fail": false,
              "pending": false,
              "context": null,
              "code": "cy.get('.traversal-drinks-list').contains('Tea').nextAll().should('have.length', '3'); //Looking at next elements using nextAll()",
              "err": {},
              "uuid": "722958ef-62b6-44f4-95d0-d1fa1b60d275",
              "parentUUID": "61a93626-4e70-4e52-a7f5-3d3ef73c8b44",
              "isHook": false,
              "skipped": false
            },
            {
              "title": "nextUntil() to get all of the next sibling DOM elements within elements until another element",
              "fullTitle": "Traversing DOM elements in Cypress nextUntil() to get all of the next sibling DOM elements within elements until another element",
              "timedOut": null,
              "duration": 213,
              "state": "passed",
              "speed": "fast",
              "pass": true,
              "fail": false,
              "pending": false,
              "context": null,
              "code": "cy.get('#coffee').nextUntil('#sugar'); //Selecting all elements until the specified one",
              "err": {},
              "uuid": "a8b8c145-f58b-4717-8454-1be114593ee7",
              "parentUUID": "61a93626-4e70-4e52-a7f5-3d3ef73c8b44",
              "isHook": false,
              "skipped": false
            },
            {
              "title": "not() to remove DOM element(s) from the set of elements",
              "fullTitle": "Traversing DOM elements in Cypress not() to remove DOM element(s) from the set of elements",
              "timedOut": null,
              "duration": 212,
              "state": "passed",
              "speed": "fast",
              "pass": true,
              "fail": false,
              "pending": false,
              "context": null,
              "code": "cy.get('.traversal-button-states > button').not('.disabled').should('not.have.class', 'disabled'); //removes element with 'disabled' class from selected and asserts other elements don't have 'disabled' class",
              "err": {},
              "uuid": "8be4c90e-a141-445d-88b6-3077a69f959d",
              "parentUUID": "61a93626-4e70-4e52-a7f5-3d3ef73c8b44",
              "isHook": false,
              "skipped": false
            },
            {
              "title": "parent() To get parent DOM element of elements",
              "fullTitle": "Traversing DOM elements in Cypress parent() To get parent DOM element of elements",
              "timedOut": null,
              "duration": 207,
              "state": "passed",
              "speed": "fast",
              "pass": true,
              "fail": false,
              "pending": false,
              "context": null,
              "code": "cy.get('.traversal-mark').parent().should('contain', 'Lorem ipsum dolor sit amet, consectetur adipiscing elit'); //checks text of a parent element",
              "err": {},
              "uuid": "8c015813-d3eb-4ea6-9504-7ce54bb180da",
              "parentUUID": "61a93626-4e70-4e52-a7f5-3d3ef73c8b44",
              "isHook": false,
              "skipped": false
            },
            {
              "title": "parents() to get parents DOM element of elements",
              "fullTitle": "Traversing DOM elements in Cypress parents() to get parents DOM element of elements",
              "timedOut": null,
              "duration": 221,
              "state": "passed",
              "speed": "fast",
              "pass": true,
              "fail": false,
              "pending": false,
              "context": null,
              "code": "cy.get('.traversal-cite').parents().should('match', 'blockquote'); //checks one of the parents to be blockquote tag",
              "err": {},
              "uuid": "1a270c3b-20ce-4319-9ce0-bc2043560598",
              "parentUUID": "61a93626-4e70-4e52-a7f5-3d3ef73c8b44",
              "isHook": false,
              "skipped": false
            },
            {
              "title": "prev() to get the previous sibling DOM element within elements",
              "fullTitle": "Traversing DOM elements in Cypress prev() to get the previous sibling DOM element within elements",
              "timedOut": null,
              "duration": 204,
              "state": "passed",
              "speed": "fast",
              "pass": true,
              "fail": false,
              "pending": false,
              "context": null,
              "code": "cy.get('#sugar').prev().contains('Espresso'); //checks previous element's text",
              "err": {},
              "uuid": "b3ef77b3-9fe0-45f0-a50a-48cde0ba8571",
              "parentUUID": "61a93626-4e70-4e52-a7f5-3d3ef73c8b44",
              "isHook": false,
              "skipped": false
            },
            {
              "title": "prevAll() to get all previous sibling DOM elements within elements",
              "fullTitle": "Traversing DOM elements in Cypress prevAll() to get all previous sibling DOM elements within elements",
              "timedOut": null,
              "duration": 210,
              "state": "passed",
              "speed": "fast",
              "pass": true,
              "fail": false,
              "pending": false,
              "context": null,
              "code": "cy.get('.sales').prevAll().should('have.length', 2); //checks length of all elements prior to selected element",
              "err": {},
              "uuid": "738a8a91-9a45-4db9-b749-12bde4dc7241",
              "parentUUID": "61a93626-4e70-4e52-a7f5-3d3ef73c8b44",
              "isHook": false,
              "skipped": false
            },
            {
              "title": "prevUntil() to get all previous sibling DOM elements within elements until other element",
              "fullTitle": "Traversing DOM elements in Cypress prevUntil() to get all previous sibling DOM elements within elements until other element",
              "timedOut": null,
              "duration": 216,
              "state": "passed",
              "speed": "fast",
              "pass": true,
              "fail": false,
              "pending": false,
              "context": null,
              "code": "cy.get('#veggie').prevUntil('#fruits').should('have.length', 5); //checks lenght of all elements until selected id",
              "err": {},
              "uuid": "581522ca-e16d-48b0-adca-1174f6d45dc2",
              "parentUUID": "61a93626-4e70-4e52-a7f5-3d3ef73c8b44",
              "isHook": false,
              "skipped": false
            },
            {
              "title": "siblings() To get all sibling DOM elements of elements",
              "fullTitle": "Traversing DOM elements in Cypress siblings() To get all sibling DOM elements of elements",
              "timedOut": null,
              "duration": 212,
              "state": "passed",
              "speed": "fast",
              "pass": true,
              "fail": false,
              "pending": false,
              "context": null,
              "code": "cy.get('.traversal-button-other-states .active').siblings().should('have.length', 3); //checks length of sibling elements of a selected element",
              "err": {},
              "uuid": "e09f9074-d3ce-4378-8bcf-660764997bbc",
              "parentUUID": "61a93626-4e70-4e52-a7f5-3d3ef73c8b44",
              "isHook": false,
              "skipped": false
            }
          ],
          "suites": [],
          "passes": [
            "e7a8bb6c-e0a8-4846-a7da-5eaa3cd6fe55",
            "4c312ba3-0da3-4a82-97ad-5d1864cc8142",
            "f7a52882-b1d0-4026-aa52-3b87c44e8151",
            "1739192e-6b72-4ac1-948c-853625859e0d",
            "c1c9aac0-6ee7-48bb-beb4-f7fa7c8ab606",
            "ae530244-56d8-4229-8404-fc54565b6f42",
            "531e578d-56d6-4fa5-935a-61335e936669",
            "722958ef-62b6-44f4-95d0-d1fa1b60d275",
            "a8b8c145-f58b-4717-8454-1be114593ee7",
            "8be4c90e-a141-445d-88b6-3077a69f959d",
            "8c015813-d3eb-4ea6-9504-7ce54bb180da",
            "1a270c3b-20ce-4319-9ce0-bc2043560598",
            "b3ef77b3-9fe0-45f0-a50a-48cde0ba8571",
            "738a8a91-9a45-4db9-b749-12bde4dc7241",
            "581522ca-e16d-48b0-adca-1174f6d45dc2",
            "e09f9074-d3ce-4378-8bcf-660764997bbc"
          ],
          "failures": [],
          "pending": [],
          "skipped": [],
          "duration": 4079,
          "root": false,
          "rootEmpty": false,
          "_timeout": 2000
        }
      ],
      "passes": [],
      "failures": [],
      "pending": [],
      "skipped": [],
      "duration": 0,
      "root": true,
      "rootEmpty": true,
      "_timeout": 2000
    },
    {
      "uuid": "15fbf15b-100e-4bad-a09a-34d91e7abfa1",
      "title": "",
      "fullFile": "cypress\\e2e\\automation-test-store\\add-mutiple-items-to-basket.js",
      "file": "cypress\\e2e\\automation-test-store\\add-mutiple-items-to-basket.js",
      "beforeHooks": [],
      "afterHooks": [],
      "tests": [],
      "suites": [
        {
          "uuid": "c1ee79fb-2a85-45b1-ae91-a03f97890f9f",
          "title": "Add multiple items to basket",
          "fullFile": "",
          "file": "",
          "beforeHooks": [],
          "afterHooks": [],
          "tests": [
            {
              "title": "Add specific items to basket",
              "fullTitle": "Add multiple items to basket Add specific items to basket",
              "timedOut": null,
              "duration": 3734,
              "state": "passed",
              "speed": "fast",
              "pass": true,
              "fail": false,
              "pending": false,
              "context": null,
              "code": "autostore_Books_PO.addBooksToBasket();",
              "err": {},
              "uuid": "962a7e31-be53-4a16-8745-53a012759b57",
              "parentUUID": "c1ee79fb-2a85-45b1-ae91-a03f97890f9f",
              "isHook": false,
              "skipped": false
            }
          ],
          "suites": [],
          "passes": [
            "962a7e31-be53-4a16-8745-53a012759b57"
          ],
          "failures": [],
          "pending": [],
          "skipped": [],
          "duration": 3734,
          "root": false,
          "rootEmpty": false,
          "_timeout": 2000
        }
      ],
      "passes": [],
      "failures": [],
      "pending": [],
      "skipped": [],
      "duration": 0,
      "root": true,
      "rootEmpty": true,
      "_timeout": 2000
    }
  ],
  "meta": {
    "mocha": {
      "version": "7.2.0"
    },
    "mochawesome": {
      "options": {
        "quiet": false,
        "reportFilename": "mochawesome",
        "saveHtml": false,
        "saveJson": true,
        "consoleReporter": "spec",
        "useInlineDiffs": false,
        "code": true
      },
      "version": "7.1.4"
    },
    "marge": {
      "options": {
        "id": "default",
        "reportDir": "cypress/results/mochawesome",
        "quite": true,
        "overwrite": false,
        "html": false,
        "json": true
      },
      "version": "6.3.0"
    }
  }
}